<?xml version="1.0" encoding="UTF-8"?>
<!-- Generated by org.testng.reporters.JUnitReportReporter -->
<testsuite hostname="Abdulraheem" failures="0" tests="3" name="AddOneRandomItem" time="15.381" errors="0" timestamp="2024-03-11T19:23:35 EET" skipped="0">
  <testcase classname="AddOneRandomItem" name="addOneRandomItemToThecart" time="7.563"/>
  <system-out/>
  <testcase classname="AddOneRandomItem" name="checkoutProcess" time="5.961"/>
  <system-out/>
  <testcase classname="AddOneRandomItem" name="SignupProcess" time="1.857"/>
  <system-out/>
</testsuite> <!-- AddOneRandomItem -->
