<?xml version="1.0" encoding="UTF-8"?>
<!-- Generated by org.testng.reporters.JUnitReportReporter -->
<testsuite hostname="Abdulraheem" failures="0" tests="10" name="AddOneRandomItem" time="37.063" errors="0" timestamp="2024-03-10T19:12:47 EET" skipped="0">
  <testcase classname="AddOneRandomItem" name="addOneRandomItemToThecart" time="3.838"/>
  <system-out/>
  <testcase classname="AddOneRandomItem" name="addOneRandomItemToThecart" time="3.495"/>
  <system-out/>
  <testcase classname="AddOneRandomItem" name="addOneRandomItemToThecart" time="4.922"/>
  <system-out/>
  <testcase classname="AddOneRandomItem" name="addOneRandomItemToThecart" time="3.558"/>
  <system-out/>
  <testcase classname="AddOneRandomItem" name="addOneRandomItemToThecart" time="3.432"/>
  <system-out/>
  <testcase classname="AddOneRandomItem" name="addOneRandomItemToThecart" time="3.466"/>
  <system-out/>
  <testcase classname="AddOneRandomItem" name="addOneRandomItemToThecart" time="3.908"/>
  <system-out/>
  <testcase classname="AddOneRandomItem" name="addOneRandomItemToThecart" time="3.524"/>
  <system-out/>
  <testcase classname="AddOneRandomItem" name="addOneRandomItemToThecart" time="3.457"/>
  <system-out/>
  <testcase classname="AddOneRandomItem" name="addOneRandomItemToThecart" time="3.463"/>
  <system-out/>
</testsuite> <!-- AddOneRandomItem -->
